<?xml version="1.0" encoding="UTF-8"?>
<!-- Generated by org.testng.reporters.JUnitXMLReporter -->
<testsuite ignored="0" hostname="WS-135" failures="0" tests="4" name="Default test" time="38.603" errors="0" timestamp="2024-08-12T16:53:11 IST">
  <testcase classname="Wireless.STATES" name="setup" time="12.895"/>
  <testcase classname="Wireless.STATES" name="loginWithRightCredentials" time="8.437"/>
  <testcase classname="Wireless.STATES" name="wirelessmod" time="2.107"/>
  <testcase classname="Wireless.STATES" name="States" time="15.071"/>
</testsuite> <!-- Default test -->
