<?xml version="1.0" encoding="UTF-8"?>
<!-- Generated by org.testng.reporters.JUnitXMLReporter -->
<testsuite ignored="0" hostname="WS-135" failures="0" tests="8" name="Default test" time="138.453" errors="0" timestamp="2024-07-02T18:02:15 IST">
  <testcase classname="mavenb.mavenc" name="loginWithRightCredentials" time="13.888"/>
  <testcase classname="mavenb.mavenc" name="selectcompany" time="4.588"/>
  <testcase classname="mavenb.mavenc" name="companyprofilestep" time="5.21"/>
  <testcase classname="mavenb.mavenc" name="additionalcompanyquestionstep" time="5.146"/>
  <testcase classname="mavenb.mavenc" name="stateselection" time="4.628"/>
  <testcase classname="mavenb.mavenc" name="Notesstep" time="22.684"/>
  <testcase classname="mavenb.mavenc" name="proposalstep" time="41.669"/>
  <testcase classname="mavenb.mavenc" name="frontpage_end" time="40.531"/>
</testsuite> <!-- Default test -->
