<?xml version="1.0" encoding="UTF-8"?>
<testng-results ignored="0" total="8" passed="8" failed="0" skipped="0">
  <reporter-output>
  </reporter-output>
  <suite started-at="2024-07-02T17:59:57 IST" name="Default suite" finished-at="2024-07-02T18:02:15 IST" duration-ms="138453">
    <groups>
    </groups>
    <test started-at="2024-07-02T17:59:57 IST" name="Default test" finished-at="2024-07-02T18:02:15 IST" duration-ms="138453">
      <class name="mavenb.mavenc">
        <test-method is-config="true" signature="setup()[pri:0, instance:mavenb.mavenc@379614be]" started-at="2024-07-02T17:59:45 IST" name="setup" finished-at="2024-07-02T17:59:57 IST" duration-ms="12109" status="PASS">
          <reporter-output>
          </reporter-output>
        </test-method> <!-- setup -->
        <test-method signature="loginWithRightCredentials()[pri:1, instance:mavenb.mavenc@379614be]" started-at="2024-07-02T17:59:57 IST" name="loginWithRightCredentials" description="login with valid credentials scenarios" finished-at="2024-07-02T18:00:11 IST" duration-ms="13888" status="PASS">
          <reporter-output>
          </reporter-output>
        </test-method> <!-- loginWithRightCredentials -->
        <test-method signature="selectcompany()[pri:2, instance:mavenb.mavenc@379614be]" started-at="2024-07-02T18:00:11 IST" name="selectcompany" description="select Company Step" finished-at="2024-07-02T18:00:16 IST" duration-ms="4588" status="PASS">
          <reporter-output>
          </reporter-output>
        </test-method> <!-- selectcompany -->
        <test-method signature="companyprofilestep()[pri:3, instance:mavenb.mavenc@379614be]" started-at="2024-07-02T18:00:16 IST" name="companyprofilestep" description="Company Profile Step" finished-at="2024-07-02T18:00:21 IST" duration-ms="5210" status="PASS">
          <reporter-output>
          </reporter-output>
        </test-method> <!-- companyprofilestep -->
        <test-method signature="additionalcompanyquestionstep()[pri:4, instance:mavenb.mavenc@379614be]" started-at="2024-07-02T18:00:21 IST" name="additionalcompanyquestionstep" description="Additional Company Question Step" finished-at="2024-07-02T18:00:26 IST" duration-ms="5146" status="PASS">
          <reporter-output>
          </reporter-output>
        </test-method> <!-- additionalcompanyquestionstep -->
        <test-method signature="stateselection()[pri:5, instance:mavenb.mavenc@379614be]" started-at="2024-07-02T18:00:26 IST" name="stateselection" description="State selection Step" finished-at="2024-07-02T18:00:31 IST" duration-ms="4628" status="PASS">
          <reporter-output>
          </reporter-output>
        </test-method> <!-- stateselection -->
        <test-method signature="Notesstep()[pri:6, instance:mavenb.mavenc@379614be]" started-at="2024-07-02T18:00:31 IST" name="Notesstep" description=" Notes step" finished-at="2024-07-02T18:00:53 IST" duration-ms="22684" status="PASS">
          <reporter-output>
          </reporter-output>
        </test-method> <!-- Notesstep -->
        <test-method signature="proposalstep()[pri:7, instance:mavenb.mavenc@379614be]" started-at="2024-07-02T18:00:53 IST" name="proposalstep" description="Proposal Step" finished-at="2024-07-02T18:01:35 IST" duration-ms="41669" status="PASS">
          <reporter-output>
          </reporter-output>
        </test-method> <!-- proposalstep -->
        <test-method signature="frontpage_end()[pri:8, instance:mavenb.mavenc@379614be]" started-at="2024-07-02T18:01:35 IST" name="frontpage_end" description="Front Page after the Quote is saved" finished-at="2024-07-02T18:02:15 IST" duration-ms="40531" status="PASS">
          <reporter-output>
          </reporter-output>
        </test-method> <!-- frontpage_end -->
      </class> <!-- mavenb.mavenc -->
    </test> <!-- Default test -->
  </suite> <!-- Default suite -->
</testng-results>
