<?xml version="1.0" encoding="UTF-8"?>
<testng-results ignored="0" total="2" passed="2" failed="0" skipped="0">
  <reporter-output>
  </reporter-output>
  <suite started-at="2024-07-02T18:54:36 IST" name="Default suite" finished-at="2024-07-02T18:55:03 IST" duration-ms="27301">
    <groups>
    </groups>
    <test started-at="2024-07-02T18:54:36 IST" name="Default test" finished-at="2024-07-02T18:55:03 IST" duration-ms="27301">
      <class name="mavenb.PriceQuoteSub">
        <test-method is-config="true" signature="setup()[pri:0, instance:mavenb.PriceQuoteSub@27e47833]" started-at="2024-07-02T18:54:23 IST" name="setup" finished-at="2024-07-02T18:54:36 IST" duration-ms="12842" status="PASS">
          <reporter-output>
          </reporter-output>
        </test-method> <!-- setup -->
        <test-method signature="loginWithRightCredentials()[pri:1, instance:mavenb.PriceQuoteSub@27e47833]" started-at="2024-07-02T18:54:36 IST" name="loginWithRightCredentials" description="login with valid credentials scenarios" finished-at="2024-07-02T18:54:54 IST" duration-ms="17911" status="PASS">
          <reporter-output>
          </reporter-output>
        </test-method> <!-- loginWithRightCredentials -->
        <test-method signature="EditBaseRate()[pri:2, instance:mavenb.PriceQuoteSub@27e47833]" started-at="2024-07-02T18:54:54 IST" name="EditBaseRate" description="Edit Base rate" finished-at="2024-07-02T18:55:03 IST" duration-ms="9324" status="PASS">
          <reporter-output>
          </reporter-output>
        </test-method> <!-- EditBaseRate -->
      </class> <!-- mavenb.PriceQuoteSub -->
    </test> <!-- Default test -->
  </suite> <!-- Default suite -->
</testng-results>
